<?xml version="1.0" encoding="UTF-8"?>
<!-- Generated by org.testng.reporters.JUnitXMLReporter -->
<testsuite hostname="SHAAKIR-PC" ignored="4" tests="0" failures="0" timestamp="20 May 2020 03:16:19 GMT" time="0.021" errors="0">
  <testcase name="PrptyFunctionality" time="0.0" classname="com.training.sanity.tests.LoginTests">
    <ignored/>
  </testcase> <!-- PrptyFunctionality -->
  <testcase name="BlogFunctionality" time="0.0" classname="com.training.sanity.tests.LoginTests">
    <ignored/>
  </testcase> <!-- BlogFunctionality -->
  <testcase name="PostFunctionality" time="0.0" classname="com.training.sanity.tests.LoginTests">
    <ignored/>
  </testcase> <!-- PostFunctionality -->
  <testcase name="validLoginTest" time="0.0" classname="com.training.sanity.tests.LoginTests">
    <ignored/>
  </testcase> <!-- validLoginTest -->
</testsuite>
