<?xml version="1.0" encoding="UTF-8"?>
<testng-results skipped="0" failed="0" ignored="1" total="2" passed="1">
  <reporter-output>
  </reporter-output>
  <suite name="Sample test Suite" duration-ms="47858" started-at="2020-05-08T01:23:42Z" finished-at="2020-05-08T01:24:29Z">
    <groups>
    </groups>
    <test name="Sample test" duration-ms="47858" started-at="2020-05-08T01:23:42Z" finished-at="2020-05-08T01:24:29Z">
      <class name="com.training.sanity.tests.LoginTests">
        <test-method status="PASS" signature="setUpBeforeClass()[pri:0, instance:com.training.sanity.tests.LoginTests@859ea42]" name="setUpBeforeClass" is-config="true" duration-ms="33" started-at="2020-05-07T21:23:42Z" finished-at="2020-05-07T21:23:42Z">
          <reporter-output>
          </reporter-output>
        </test-method> <!-- setUpBeforeClass -->
        <test-method status="PASS" signature="setUp()[pri:0, instance:com.training.sanity.tests.LoginTests@859ea42]" name="setUp" is-config="true" duration-ms="23992" started-at="2020-05-07T21:23:42Z" finished-at="2020-05-07T21:24:06Z">
          <reporter-output>
          </reporter-output>
        </test-method> <!-- setUp -->
        <test-method status="PASS" signature="validLoginTest1()[pri:1, instance:com.training.sanity.tests.LoginTests@859ea42]" name="validLoginTest1" duration-ms="21770" started-at="2020-05-07T21:24:06Z" finished-at="2020-05-07T21:24:27Z">
          <reporter-output>
          </reporter-output>
        </test-method> <!-- validLoginTest1 -->
        <test-method status="PASS" signature="tearDown()[pri:0, instance:com.training.sanity.tests.LoginTests@859ea42]" name="tearDown" is-config="true" duration-ms="2001" started-at="2020-05-07T21:24:27Z" finished-at="2020-05-07T21:24:29Z">
          <reporter-output>
          </reporter-output>
        </test-method> <!-- tearDown -->
      </class> <!-- com.training.sanity.tests.LoginTests -->
    </test> <!-- Sample test -->
  </suite> <!-- Sample test Suite -->
</testng-results>
